2026-01-18 13:59:10,102 - INFO - Configuration loaded and logging set up.
2026-01-18 13:59:10,102 - INFO - All outputs for this run will be saved in: outputs\coat_lite_mini_20260118_135910
2026-01-18 13:59:10,121 - INFO - Using device: cuda
2026-01-18 13:59:10,121 - INFO - Starting data preparation...
2026-01-18 13:59:10,140 - INFO - Using training data from: data/histopathologic-oral-cancer/train
2026-01-18 13:59:10,140 - INFO - Using validation data from: data/histopathologic-oral-cancer/test
2026-01-18 13:59:10,140 - INFO - Data preparation complete. Found classes: ['Normal', 'OSCC']
2026-01-18 13:59:10,140 - INFO - Initializing model: coat_lite_mini
2026-01-18 13:59:10,386 - INFO - Model 'coat_lite_mini' initialized and moved to 'cuda'.
2026-01-18 13:59:10,386 - INFO - Using CrossEntropyLoss.
2026-01-18 13:59:10,386 - INFO - Using AdamW optimizer with learning rate: 0.001
2026-01-18 13:59:10,386 - INFO - Loss function and optimizer initialized.
2026-01-18 13:59:10,386 - INFO - --- Starting Stage 1: Feature Extraction ---
2026-01-18 13:59:10,386 - INFO - Starting training for 1 epochs...
2026-01-18 14:00:50,200 - INFO - Epoch: 01 | Train Loss: 0.5046 | Train Acc: 0.7536 | Test Loss: 0.4376 | Test Acc: 0.7604
2026-01-18 14:00:50,252 - INFO - Model saved to outputs\coat_lite_mini_20260118_135910\best_model.pth
2026-01-18 14:00:50,252 - INFO - New best model saved to outputs\coat_lite_mini_20260118_135910/best_model.pth (Test Acc: 0.7604)
2026-01-18 14:00:50,252 - INFO - Training process finished.
2026-01-18 14:00:50,252 - INFO - Generating final confusion matrix on the test set with the best model...
2026-01-18 14:01:23,972 - INFO - Confusion matrix saved to outputs\coat_lite_mini_20260118_135910/confusion_matrix.png
2026-01-18 14:01:23,972 - INFO - Stage 1 (Feature Extraction) complete.
2026-01-18 14:01:23,972 - INFO - Report saved to outputs\coat_lite_mini_20260118_135910\results_report.pkl
2026-01-18 14:01:24,241 - INFO - Training curves plot saved to: outputs\coat_lite_mini_20260118_135910/training_curves.png
2026-01-18 14:01:24,241 - INFO - --- Starting Stage 2: Fine-Tuning ---
2026-01-18 14:01:24,305 - INFO - Loaded best model from Stage 1: outputs\coat_lite_mini_20260118_135910/best_model.pth
2026-01-18 14:01:24,305 - INFO - Fine-tuning coat_lite_mini: Unfroze all layers except patch embeddings.
2026-01-18 14:01:24,305 - INFO - Created new AdamW optimizer for fine-tuning with learning rate: 5e-05
2026-01-18 14:01:24,305 - INFO - Starting training for 1 epochs...
2026-01-18 14:04:05,328 - INFO - Epoch: 01 | Train Loss: 0.2553 | Train Acc: 0.8929 | Test Loss: 0.2258 | Test Acc: 0.9010
2026-01-18 14:04:05,375 - INFO - Model saved to outputs\coat_lite_mini_20260118_135910\best_model_finetuned.pth
2026-01-18 14:04:05,391 - INFO - New best model saved to outputs\coat_lite_mini_20260118_135910/best_model_finetuned.pth (Test Acc: 0.9010)
2026-01-18 14:04:05,391 - INFO - Training process finished.
2026-01-18 14:04:05,391 - INFO - Generating final confusion matrix on the test set with the best model...
2026-01-18 14:04:40,787 - INFO - Confusion matrix saved to outputs\coat_lite_mini_20260118_135910/confusion_matrix_finetuned.png
2026-01-18 14:04:40,787 - INFO - Stage 2 (Fine-Tuning) complete.
2026-01-18 14:04:40,787 - INFO - Report saved to outputs\coat_lite_mini_20260118_135910\results_report_finetuned.pkl
2026-01-18 14:04:40,940 - INFO - Training curves plot saved to: outputs\coat_lite_mini_20260118_135910/training_curves_finetuned.png
2026-01-18 14:04:40,940 - INFO - All artifacts for the run are saved in: outputs\coat_lite_mini_20260118_135910
2026-01-18 14:04:40,942 - INFO - ==================================================
2026-01-18 14:04:40,942 - INFO - PIPELINE EXECUTION COMPLETE
2026-01-18 14:04:40,942 - INFO - Total duration: 5 minutes and 30 seconds.
2026-01-18 14:04:40,942 - INFO - ==================================================
