2025-10-24 19:01:42,260 - INFO - Configuration loaded and logging set up.
2025-10-24 19:01:42,261 - INFO - All outputs for this run will be saved in: outputs\efficientnet_b0_20251024_190142
2025-10-24 19:01:42,278 - INFO - Using device: cuda
2025-10-24 19:01:42,279 - INFO - Starting data preparation...
2025-10-24 19:01:42,316 - INFO - Pre-existing split data found. Skipping data splitting.
2025-10-24 19:01:42,316 - INFO - Creating PyTorch DataLoaders...
2025-10-24 19:01:42,374 - INFO - Classes identified: ['Cat', 'Dog']
2025-10-24 19:01:42,374 - INFO - Using training data from: data_processed/train
2025-10-24 19:01:42,374 - INFO - Using validation data from: data_processed/test
2025-10-24 19:01:42,374 - INFO - Data preparation complete. Found classes: ['Cat', 'Dog']
2025-10-24 19:01:42,378 - INFO - Initializing model: efficientnet_b0
2025-10-24 19:01:42,615 - INFO - Model 'efficientnet_b0' initialized and moved to 'cuda'.
2025-10-24 19:01:42,616 - INFO - Using AdamW optimizer with learning rate: 0.001
2025-10-24 19:01:42,616 - INFO - Loss function and optimizer initialized.
2025-10-24 19:01:42,617 - INFO - --- Starting Stage 1: Feature Extraction ---
2025-10-24 19:01:42,617 - INFO - Starting training for 5 epochs...
2025-10-24 19:02:46,087 - INFO - Epoch: 01 | Train Loss: 0.2665 | Train Acc: 0.8832 | Test Loss: 0.0810 | Test Acc: 0.9749
2025-10-24 19:02:46,130 - INFO - Model saved to outputs\efficientnet_b0_20251024_190142\best_model.pth
2025-10-24 19:02:46,131 - INFO - New best model saved to outputs\efficientnet_b0_20251024_190142/best_model.pth (Test Acc: 0.9749)
2025-10-24 19:03:50,627 - INFO - Epoch: 02 | Train Loss: 0.2325 | Train Acc: 0.8956 | Test Loss: 0.0708 | Test Acc: 0.9749
2025-10-24 19:04:55,349 - INFO - Epoch: 03 | Train Loss: 0.2308 | Train Acc: 0.8976 | Test Loss: 0.0631 | Test Acc: 0.9773
2025-10-24 19:04:55,394 - INFO - Model saved to outputs\efficientnet_b0_20251024_190142\best_model.pth
2025-10-24 19:04:55,394 - INFO - New best model saved to outputs\efficientnet_b0_20251024_190142/best_model.pth (Test Acc: 0.9773)
2025-10-24 19:06:00,003 - INFO - Epoch: 04 | Train Loss: 0.2238 | Train Acc: 0.9002 | Test Loss: 0.0656 | Test Acc: 0.9757
2025-10-24 19:07:10,133 - INFO - Epoch: 05 | Train Loss: 0.2263 | Train Acc: 0.9006 | Test Loss: 0.0633 | Test Acc: 0.9787
2025-10-24 19:07:10,204 - INFO - Model saved to outputs\efficientnet_b0_20251024_190142\best_model.pth
2025-10-24 19:07:10,204 - INFO - New best model saved to outputs\efficientnet_b0_20251024_190142/best_model.pth (Test Acc: 0.9787)
2025-10-24 19:07:10,205 - INFO - Training process finished.
2025-10-24 19:07:10,205 - INFO - Generating final confusion matrix on the test set with the best model...
2025-10-24 19:07:38,983 - INFO - Confusion matrix saved to outputs\efficientnet_b0_20251024_190142/confusion_matrix.png
2025-10-24 19:07:38,983 - INFO - Stage 1 (Feature Extraction) complete.
2025-10-24 19:07:38,985 - INFO - Report saved to outputs\efficientnet_b0_20251024_190142\results_report.pkl
2025-10-24 19:07:39,158 - INFO - Training curves plot saved to: outputs\efficientnet_b0_20251024_190142/training_curves.png
2025-10-24 19:07:39,158 - INFO - --- Starting Stage 2: Fine-Tuning ---
2025-10-24 19:07:39,230 - INFO - Loaded best model from Stage 1: outputs\efficientnet_b0_20251024_190142/best_model.pth
2025-10-24 19:07:39,230 - INFO - Unfroze the top layers of EfficientNet for fine-tuning.
2025-10-24 19:07:39,231 - INFO - Created new AdamW optimizer for fine-tuning with learning rate: 0.0001
2025-10-24 19:07:39,232 - INFO - Starting training for 3 epochs...
2025-10-24 19:08:51,460 - INFO - Epoch: 01 | Train Loss: 0.1803 | Train Acc: 0.9192 | Test Loss: 0.0305 | Test Acc: 0.9891
2025-10-24 19:08:51,496 - INFO - Model saved to outputs\efficientnet_b0_20251024_190142\best_model_finetuned.pth
2025-10-24 19:08:51,497 - INFO - New best model saved to outputs\efficientnet_b0_20251024_190142/best_model_finetuned.pth (Test Acc: 0.9891)
2025-10-24 19:09:56,102 - INFO - Epoch: 02 | Train Loss: 0.1389 | Train Acc: 0.9392 | Test Loss: 0.0268 | Test Acc: 0.9889
2025-10-24 19:11:01,330 - INFO - Epoch: 03 | Train Loss: 0.1333 | Train Acc: 0.9408 | Test Loss: 0.0258 | Test Acc: 0.9891
2025-10-24 19:11:01,332 - INFO - Training process finished.
2025-10-24 19:11:01,332 - INFO - Generating final confusion matrix on the test set with the best model...
2025-10-24 19:11:24,274 - INFO - Confusion matrix saved to outputs\efficientnet_b0_20251024_190142/confusion_matrix_finetuned.png
2025-10-24 19:11:24,274 - INFO - Stage 2 (Fine-Tuning) complete.
2025-10-24 19:11:24,275 - INFO - Report saved to outputs\efficientnet_b0_20251024_190142\results_report_finetuned.pkl
2025-10-24 19:11:24,443 - INFO - Training curves plot saved to: outputs\efficientnet_b0_20251024_190142/training_curves_finetuned.png
2025-10-24 19:11:24,443 - INFO - All artifacts for the run are saved in: outputs\efficientnet_b0_20251024_190142
2025-10-24 19:11:24,443 - INFO - ==================================================
2025-10-24 19:11:24,443 - INFO - PIPELINE EXECUTION COMPLETE
2025-10-24 19:11:24,444 - INFO - Total duration: 9 minutes and 42 seconds.
2025-10-24 19:11:24,444 - INFO - ==================================================
