2025-10-24 22:38:29,556 - INFO - Configuration loaded and logging set up.
2025-10-24 22:38:29,558 - INFO - All outputs for this run will be saved in: outputs\coat_lite_mini_20251024_223829
2025-10-24 22:38:29,575 - INFO - Using device: cuda
2025-10-24 22:38:29,576 - INFO - Starting data preparation...
2025-10-24 22:38:29,616 - INFO - Pre-existing split data found. Skipping data splitting.
2025-10-24 22:38:29,617 - INFO - Creating PyTorch DataLoaders...
2025-10-24 22:38:29,677 - INFO - Classes identified: ['Cat', 'Dog']
2025-10-24 22:38:29,678 - INFO - Using training data from: data_processed/train
2025-10-24 22:38:29,678 - INFO - Using validation data from: data_processed/test
2025-10-24 22:38:29,679 - INFO - Data preparation complete. Found classes: ['Cat', 'Dog']
2025-10-24 22:38:29,680 - INFO - Initializing model: coat_lite_mini
2025-10-24 22:38:29,881 - INFO - Model 'coat_lite_mini' initialized and moved to 'cuda'.
2025-10-24 22:38:29,882 - INFO - Using AdamW optimizer with learning rate: 0.001
2025-10-24 22:38:29,882 - INFO - Loss function and optimizer initialized.
2025-10-24 22:38:29,882 - INFO - --- Starting Stage 1: Feature Extraction ---
2025-10-24 22:38:29,882 - INFO - Starting training for 5 epochs...
2025-10-24 22:40:10,397 - INFO - Epoch: 01 | Train Loss: 0.1134 | Train Acc: 0.9582 | Test Loss: 0.0248 | Test Acc: 0.9938
2025-10-24 22:40:10,501 - INFO - Model saved to outputs\coat_lite_mini_20251024_223829\best_model.pth
2025-10-24 22:40:10,502 - INFO - New best model saved to outputs\coat_lite_mini_20251024_223829/best_model.pth (Test Acc: 0.9938)
2025-10-24 22:41:51,982 - INFO - Epoch: 02 | Train Loss: 0.0816 | Train Acc: 0.9677 | Test Loss: 0.0227 | Test Acc: 0.9934
2025-10-24 22:43:54,943 - INFO - Epoch: 03 | Train Loss: 0.0813 | Train Acc: 0.9681 | Test Loss: 0.0225 | Test Acc: 0.9934
2025-10-24 22:45:53,162 - INFO - Epoch: 04 | Train Loss: 0.0788 | Train Acc: 0.9685 | Test Loss: 0.0224 | Test Acc: 0.9924
2025-10-24 22:47:57,514 - INFO - Epoch: 05 | Train Loss: 0.0792 | Train Acc: 0.9676 | Test Loss: 0.0241 | Test Acc: 0.9920
2025-10-24 22:47:57,515 - INFO - Training process finished.
2025-10-24 22:47:57,515 - INFO - Generating final confusion matrix on the test set with the best model...
2025-10-24 22:48:40,504 - INFO - Confusion matrix saved to outputs\coat_lite_mini_20251024_223829/confusion_matrix.png
2025-10-24 22:48:40,509 - INFO - Stage 1 (Feature Extraction) complete.
2025-10-24 22:48:40,511 - INFO - Report saved to outputs\coat_lite_mini_20251024_223829\results_report.pkl
2025-10-24 22:48:41,105 - INFO - Training curves plot saved to: outputs\coat_lite_mini_20251024_223829/training_curves.png
2025-10-24 22:48:41,106 - INFO - --- Starting Stage 2: Fine-Tuning ---
2025-10-24 22:48:41,230 - INFO - Loaded best model from Stage 1: outputs\coat_lite_mini_20251024_223829/best_model.pth
