2025-10-24 22:54:36,180 - INFO - Configuration loaded and logging set up.
2025-10-24 22:54:36,183 - INFO - All outputs for this run will be saved in: outputs\coat_lite_mini_20251024_225436
2025-10-24 22:54:36,219 - INFO - Using device: cuda
2025-10-24 22:54:36,220 - INFO - Starting data preparation...
2025-10-24 22:54:36,326 - INFO - Pre-existing split data found. Skipping data splitting.
2025-10-24 22:54:36,329 - INFO - Creating PyTorch DataLoaders...
2025-10-24 22:54:36,462 - INFO - Classes identified: ['Cat', 'Dog']
2025-10-24 22:54:36,463 - INFO - Using training data from: data_processed/train
2025-10-24 22:54:36,463 - INFO - Using validation data from: data_processed/test
2025-10-24 22:54:36,463 - INFO - Data preparation complete. Found classes: ['Cat', 'Dog']
2025-10-24 22:54:36,465 - INFO - Initializing model: coat_lite_mini
2025-10-24 22:54:36,996 - INFO - Model 'coat_lite_mini' initialized and moved to 'cuda'.
2025-10-24 22:54:36,999 - INFO - Using AdamW optimizer with learning rate: 0.001
2025-10-24 22:54:37,001 - INFO - Loss function and optimizer initialized.
2025-10-24 22:54:37,001 - INFO - --- Starting Stage 1: Feature Extraction ---
2025-10-24 22:54:37,001 - INFO - Starting training for 5 epochs...
2025-10-24 22:56:43,610 - INFO - Epoch: 01 | Train Loss: 0.1125 | Train Acc: 0.9590 | Test Loss: 0.0264 | Test Acc: 0.9932
2025-10-24 22:56:43,712 - INFO - Model saved to outputs\coat_lite_mini_20251024_225436\best_model.pth
2025-10-24 22:56:43,713 - INFO - New best model saved to outputs\coat_lite_mini_20251024_225436/best_model.pth (Test Acc: 0.9932)
2025-10-24 22:58:47,089 - INFO - Epoch: 02 | Train Loss: 0.0832 | Train Acc: 0.9687 | Test Loss: 0.0229 | Test Acc: 0.9932
2025-10-24 23:00:55,845 - INFO - Epoch: 03 | Train Loss: 0.0800 | Train Acc: 0.9677 | Test Loss: 0.0211 | Test Acc: 0.9932
2025-10-24 23:02:59,724 - INFO - Epoch: 04 | Train Loss: 0.0808 | Train Acc: 0.9686 | Test Loss: 0.0205 | Test Acc: 0.9934
2025-10-24 23:02:59,787 - INFO - Model saved to outputs\coat_lite_mini_20251024_225436\best_model.pth
2025-10-24 23:02:59,788 - INFO - New best model saved to outputs\coat_lite_mini_20251024_225436/best_model.pth (Test Acc: 0.9934)
2025-10-24 23:05:03,592 - INFO - Epoch: 05 | Train Loss: 0.0806 | Train Acc: 0.9683 | Test Loss: 0.0212 | Test Acc: 0.9932
2025-10-24 23:05:03,595 - INFO - Training process finished.
2025-10-24 23:05:03,595 - INFO - Generating final confusion matrix on the test set with the best model...
2025-10-24 23:05:52,676 - INFO - Confusion matrix saved to outputs\coat_lite_mini_20251024_225436/confusion_matrix.png
2025-10-24 23:05:52,678 - INFO - Stage 1 (Feature Extraction) complete.
2025-10-24 23:05:52,680 - INFO - Report saved to outputs\coat_lite_mini_20251024_225436\results_report.pkl
2025-10-24 23:05:53,314 - INFO - Training curves plot saved to: outputs\coat_lite_mini_20251024_225436/training_curves.png
2025-10-24 23:05:53,314 - INFO - --- Starting Stage 2: Fine-Tuning ---
2025-10-24 23:05:53,405 - INFO - Loaded best model from Stage 1: outputs\coat_lite_mini_20251024_225436/best_model.pth
