2025-10-23 18:06:47,305 - INFO - Configuration loaded and logging set up.
2025-10-23 18:06:47,305 - INFO - All outputs for this run will be saved in: outputs\efficientnet_b0_20251023_180647
2025-10-23 18:06:47,328 - INFO - Using device: cuda
2025-10-23 18:06:47,329 - INFO - Starting data preparation...
2025-10-23 18:06:47,436 - INFO - Pre-existing split data found. Skipping data splitting.
2025-10-23 18:06:47,437 - INFO - Creating PyTorch DataLoaders...
2025-10-23 18:06:47,493 - INFO - Classes identified: ['Cat', 'Dog']
2025-10-23 18:06:47,494 - INFO - Data preparation complete. Found classes: ['Cat', 'Dog']
2025-10-23 18:06:47,494 - INFO - Initializing model: efficientnet_b0
2025-10-23 18:06:47,715 - INFO - Model 'efficientnet_b0' initialized and moved to 'cuda'.
2025-10-23 18:06:47,716 - INFO - Using AdamW optimizer with learning rate: 0.001
2025-10-23 18:06:47,716 - INFO - Loss function and optimizer initialized.
2025-10-23 18:06:47,717 - INFO - Using CosineAnnealingLR scheduler with params: {'T_max': 10}
2025-10-23 18:06:47,717 - INFO - --- Starting Stage 1: Feature Extraction ---
2025-10-23 18:06:47,717 - INFO - Starting training for 5 epochs...
2025-10-23 18:07:44,400 - INFO - Epoch: 01 | Train Loss: 0.2662 | Train Acc: 0.8830 | Test Loss: 0.0728 | Test Acc: 0.9759 | LR: 0.000976
2025-10-23 18:07:44,443 - INFO - Model saved to outputs\efficientnet_b0_20251023_180647\best_model.pth
2025-10-23 18:07:44,443 - INFO - New best model saved to outputs\efficientnet_b0_20251023_180647/best_model.pth (Test Acc: 0.9759)
2025-10-23 18:08:38,561 - INFO - Epoch: 02 | Train Loss: 0.2291 | Train Acc: 0.8971 | Test Loss: 0.0685 | Test Acc: 0.9777 | LR: 0.000905
2025-10-23 18:08:38,607 - INFO - Model saved to outputs\efficientnet_b0_20251023_180647\best_model.pth
2025-10-23 18:08:38,607 - INFO - New best model saved to outputs\efficientnet_b0_20251023_180647/best_model.pth (Test Acc: 0.9777)
2025-10-23 18:09:33,209 - INFO - Epoch: 03 | Train Loss: 0.2320 | Train Acc: 0.8947 | Test Loss: 0.0662 | Test Acc: 0.9767 | LR: 0.000794
2025-10-23 18:10:28,322 - INFO - Epoch: 04 | Train Loss: 0.2300 | Train Acc: 0.8973 | Test Loss: 0.0748 | Test Acc: 0.9721 | LR: 0.000655
2025-10-23 18:11:23,661 - INFO - Epoch: 05 | Train Loss: 0.2237 | Train Acc: 0.8986 | Test Loss: 0.0665 | Test Acc: 0.9753 | LR: 0.000500
2025-10-23 18:11:23,662 - INFO - Training process finished.
2025-10-23 18:11:23,662 - INFO - Generating final confusion matrix on the test set with the best model...
2025-10-23 18:11:43,591 - INFO - Confusion matrix saved to outputs\efficientnet_b0_20251023_180647/confusion_matrix.png
2025-10-23 18:11:43,592 - INFO - Stage 1 (Feature Extraction) complete.
2025-10-23 18:11:43,592 - INFO - Report saved to outputs\efficientnet_b0_20251023_180647\results_report.pkl
2025-10-23 18:11:43,751 - INFO - Training curves plot saved to: outputs\efficientnet_b0_20251023_180647/training_curves.png
2025-10-23 18:11:43,752 - INFO - --- Starting Stage 2: Fine-Tuning ---
2025-10-23 18:11:43,816 - INFO - Loaded best model from Stage 1: outputs\efficientnet_b0_20251023_180647/best_model.pth
2025-10-23 18:11:43,816 - INFO - Unfroze the top layers of the model for fine-tuning.
2025-10-23 18:11:43,817 - INFO - Created new AdamW optimizer for fine-tuning with learning rate: 0.0001
2025-10-23 18:11:43,818 - INFO - Starting training for 3 epochs...
2025-10-23 18:12:41,680 - INFO - Epoch: 01 | Train Loss: 0.1846 | Train Acc: 0.9174 | Test Loss: 0.0269 | Test Acc: 0.9887 | LR: 0.000100
2025-10-23 18:12:41,714 - INFO - Model saved to outputs\efficientnet_b0_20251023_180647\best_model_finetuned.pth
2025-10-23 18:12:41,714 - INFO - New best model saved to outputs\efficientnet_b0_20251023_180647/best_model_finetuned.pth (Test Acc: 0.9887)
2025-10-23 18:13:39,945 - INFO - Epoch: 02 | Train Loss: 0.1458 | Train Acc: 0.9352 | Test Loss: 0.0229 | Test Acc: 0.9918 | LR: 0.000100
2025-10-23 18:13:39,982 - INFO - Model saved to outputs\efficientnet_b0_20251023_180647\best_model_finetuned.pth
2025-10-23 18:13:39,982 - INFO - New best model saved to outputs\efficientnet_b0_20251023_180647/best_model_finetuned.pth (Test Acc: 0.9918)
2025-10-23 18:14:57,224 - INFO - Epoch: 03 | Train Loss: 0.1279 | Train Acc: 0.9418 | Test Loss: 0.0222 | Test Acc: 0.9910 | LR: 0.000100
2025-10-23 18:14:57,225 - INFO - Training process finished.
2025-10-23 18:14:57,226 - INFO - Generating final confusion matrix on the test set with the best model...
2025-10-23 18:15:21,226 - INFO - Confusion matrix saved to outputs\efficientnet_b0_20251023_180647/confusion_matrix_finetuned.png
2025-10-23 18:15:21,227 - INFO - Stage 2 (Fine-Tuning) complete.
2025-10-23 18:15:21,230 - INFO - Report saved to outputs\efficientnet_b0_20251023_180647\results_report_finetuned.pkl
2025-10-23 18:15:21,710 - INFO - Training curves plot saved to: outputs\efficientnet_b0_20251023_180647/training_curves_finetuned.png
2025-10-23 18:15:21,710 - INFO - All artifacts for the run are saved in: outputs\efficientnet_b0_20251023_180647
