2025-10-23 11:49:59,553 - INFO - Configuration loaded and logging set up.
2025-10-23 11:49:59,554 - INFO - All outputs for this run will be saved in: outputs\efficientnet_b0_20251023_114959
2025-10-23 11:49:59,574 - INFO - Using device: cuda
2025-10-23 11:49:59,575 - INFO - Starting data preparation...
2025-10-23 11:49:59,686 - INFO - Pre-existing split data found. Skipping data splitting.
2025-10-23 11:49:59,690 - INFO - Creating PyTorch DataLoaders...
2025-10-23 11:49:59,747 - INFO - Classes identified: ['Cat', 'Dog']
2025-10-23 11:49:59,748 - INFO - Data preparation complete. Found classes: ['Cat', 'Dog']
2025-10-23 11:49:59,748 - INFO - Initializing model: efficientnet_b0
2025-10-23 11:49:59,976 - INFO - Model 'efficientnet_b0' initialized and moved to 'cuda'.
2025-10-23 11:49:59,977 - INFO - Loss function and optimizer initialized.
2025-10-23 11:49:59,978 - INFO - Starting model training...
2025-10-23 11:49:59,979 - INFO - Starting training for 5 epochs...
2025-10-23 11:50:58,447 - INFO - Epoch: 01 | Train Loss: 0.2687 | Train Acc: 0.8831 | Test Loss: 0.0770 | Test Acc: 0.9749
2025-10-23 11:50:58,485 - INFO - Model saved to outputs\efficientnet_b0_20251023_114959\best_model.pth
2025-10-23 11:50:58,486 - INFO - New best model saved to outputs\efficientnet_b0_20251023_114959/best_model.pth (Test Acc: 0.9749)
2025-10-23 11:51:54,152 - INFO - Epoch: 02 | Train Loss: 0.2261 | Train Acc: 0.9006 | Test Loss: 0.0699 | Test Acc: 0.9731
2025-10-23 11:52:50,745 - INFO - Epoch: 03 | Train Loss: 0.2281 | Train Acc: 0.8956 | Test Loss: 0.0641 | Test Acc: 0.9777
2025-10-23 11:52:50,781 - INFO - Model saved to outputs\efficientnet_b0_20251023_114959\best_model.pth
2025-10-23 11:52:50,781 - INFO - New best model saved to outputs\efficientnet_b0_20251023_114959/best_model.pth (Test Acc: 0.9777)
2025-10-23 11:53:48,657 - INFO - Epoch: 04 | Train Loss: 0.2265 | Train Acc: 0.8982 | Test Loss: 0.0631 | Test Acc: 0.9777
2025-10-23 11:54:45,975 - INFO - Epoch: 05 | Train Loss: 0.2336 | Train Acc: 0.8939 | Test Loss: 0.0620 | Test Acc: 0.9779
2025-10-23 11:54:46,012 - INFO - Model saved to outputs\efficientnet_b0_20251023_114959\best_model.pth
2025-10-23 11:54:46,012 - INFO - New best model saved to outputs\efficientnet_b0_20251023_114959/best_model.pth (Test Acc: 0.9779)
2025-10-23 11:54:46,013 - INFO - Training process finished.
2025-10-23 11:54:46,013 - INFO - Generating final confusion matrix on the test set with the best model...
2025-10-23 11:55:06,541 - INFO - Confusion matrix saved to outputs\efficientnet_b0_20251023_114959/confusion_matrix.png
2025-10-23 11:55:06,544 - INFO - Stage 1 complete. Best model from this stage is saved.
2025-10-23 11:55:06,544 - INFO - --- Starting Stage 2: Fine-Tuning ---
2025-10-23 11:55:06,544 - INFO - Unfroze the top layers of the model.
2025-10-23 11:55:06,545 - INFO - Created new optimizer for fine-tuning with learning rate: 0.0001
2025-10-23 11:55:06,545 - INFO - Starting training for 3 epochs...
2025-10-23 11:56:05,912 - INFO - Epoch: 01 | Train Loss: 0.1880 | Train Acc: 0.9171 | Test Loss: 0.0323 | Test Acc: 0.9871
2025-10-23 11:56:05,950 - INFO - Model saved to outputs\efficientnet_b0_20251023_114959\best_model_finetuned.pth
2025-10-23 11:56:05,950 - INFO - New best model saved to outputs\efficientnet_b0_20251023_114959/best_model_finetuned.pth (Test Acc: 0.9871)
2025-10-23 11:57:05,448 - INFO - Epoch: 02 | Train Loss: 0.1405 | Train Acc: 0.9385 | Test Loss: 0.0198 | Test Acc: 0.9908
2025-10-23 11:57:05,495 - INFO - Model saved to outputs\efficientnet_b0_20251023_114959\best_model_finetuned.pth
2025-10-23 11:57:05,496 - INFO - New best model saved to outputs\efficientnet_b0_20251023_114959/best_model_finetuned.pth (Test Acc: 0.9908)
2025-10-23 11:58:04,847 - INFO - Epoch: 03 | Train Loss: 0.1274 | Train Acc: 0.9442 | Test Loss: 0.0183 | Test Acc: 0.9920
2025-10-23 11:58:04,884 - INFO - Model saved to outputs\efficientnet_b0_20251023_114959\best_model_finetuned.pth
2025-10-23 11:58:04,884 - INFO - New best model saved to outputs\efficientnet_b0_20251023_114959/best_model_finetuned.pth (Test Acc: 0.9920)
2025-10-23 11:58:04,884 - INFO - Training process finished.
2025-10-23 11:58:04,884 - INFO - Generating final confusion matrix on the test set with the best model...
2025-10-23 11:58:26,698 - INFO - Confusion matrix saved to outputs\efficientnet_b0_20251023_114959/confusion_matrix.png
2025-10-23 11:58:26,699 - INFO - Stage 2 (Fine-Tuning) complete.
2025-10-23 11:58:26,699 - INFO - Training complete.
2025-10-23 11:58:26,700 - INFO - Report saved to outputs\efficientnet_b0_20251023_114959\results_report.pkl
2025-10-23 11:58:26,850 - INFO - Training curves plot saved to: outputs\efficientnet_b0_20251023_114959/training_curves.png
2025-10-23 11:58:26,851 - INFO - All artifacts for the run are saved in: outputs\efficientnet_b0_20251023_114959
