2025-10-22 19:29:18,052 - INFO - Configuration loaded and logging set up.
2025-10-22 19:29:18,052 - INFO - All outputs for this run will be saved in: outputs\efficientnet_b0_20251022_192918
2025-10-22 19:29:18,071 - INFO - Using device: cuda
2025-10-22 19:29:18,072 - INFO - Starting data preparation...
2025-10-22 19:29:18,187 - INFO - Pre-existing split data found. Skipping data splitting.
2025-10-22 19:29:18,187 - INFO - Creating PyTorch DataLoaders...
2025-10-22 19:29:18,244 - INFO - Classes identified: ['Cat', 'Dog']
2025-10-22 19:29:18,244 - INFO - Data preparation complete. Found classes: ['Cat', 'Dog']
2025-10-22 19:29:18,244 - INFO - Initializing model: efficientnet_b0
2025-10-22 19:29:18,409 - INFO - Model 'efficientnet_b0' initialized and moved to 'cuda'.
2025-10-22 19:29:18,411 - INFO - Loss function and optimizer initialized.
2025-10-22 19:29:18,411 - INFO - Starting model training...
2025-10-22 19:29:18,412 - INFO - Starting training for 5 epochs...
2025-10-22 19:30:14,720 - INFO - Epoch: 01 | Train Loss: 0.2713 | Train Acc: 0.8775 | Test Loss: 0.0752 | Test Acc: 0.9753
2025-10-22 19:30:14,755 - INFO - Model saved to outputs\efficientnet_b0_20251022_192918\best_model.pth
2025-10-22 19:30:14,758 - INFO - New best model saved to outputs\efficientnet_b0_20251022_192918/best_model.pth (Test Acc: 0.9753)
2025-10-22 19:31:11,157 - INFO - Epoch: 02 | Train Loss: 0.2268 | Train Acc: 0.8967 | Test Loss: 0.0735 | Test Acc: 0.9715
2025-10-22 19:32:08,807 - INFO - Epoch: 03 | Train Loss: 0.2301 | Train Acc: 0.8961 | Test Loss: 0.0621 | Test Acc: 0.9781
2025-10-22 19:32:08,850 - INFO - Model saved to outputs\efficientnet_b0_20251022_192918\best_model.pth
2025-10-22 19:32:08,851 - INFO - New best model saved to outputs\efficientnet_b0_20251022_192918/best_model.pth (Test Acc: 0.9781)
2025-10-22 19:33:17,317 - INFO - Epoch: 04 | Train Loss: 0.2378 | Train Acc: 0.8946 | Test Loss: 0.0637 | Test Acc: 0.9771
2025-10-22 19:34:38,193 - INFO - Epoch: 05 | Train Loss: 0.2294 | Train Acc: 0.8988 | Test Loss: 0.0620 | Test Acc: 0.9781
2025-10-22 19:34:38,194 - INFO - Training process finished.
2025-10-22 19:34:38,194 - INFO - Generating final confusion matrix on the test set with the best model...
2025-10-22 19:34:58,739 - INFO - Confusion matrix saved to outputs\efficientnet_b0_20251022_192918/confusion_matrix.png
2025-10-22 19:34:58,740 - INFO - Stage 1 complete. Best model from this stage is saved.
2025-10-22 19:34:58,740 - INFO - --- Starting Stage 2: Fine-Tuning ---
2025-10-22 19:34:58,741 - INFO - Unfroze the top layers of the model.
2025-10-22 19:34:58,742 - INFO - Created new optimizer for fine-tuning with learning rate: 0.0001
2025-10-22 19:34:58,742 - INFO - Starting training for 3 epochs...
2025-10-22 19:35:58,380 - INFO - Epoch: 01 | Train Loss: 0.1863 | Train Acc: 0.9191 | Test Loss: 0.0293 | Test Acc: 0.9865
2025-10-22 19:35:58,421 - INFO - Model saved to outputs\efficientnet_b0_20251022_192918\best_model_finetuned.pth
2025-10-22 19:35:58,424 - INFO - New best model saved to outputs\efficientnet_b0_20251022_192918/best_model_finetuned.pth (Test Acc: 0.9865)
2025-10-22 19:36:58,365 - INFO - Epoch: 02 | Train Loss: 0.1441 | Train Acc: 0.9362 | Test Loss: 0.0222 | Test Acc: 0.9904
2025-10-22 19:36:58,412 - INFO - Model saved to outputs\efficientnet_b0_20251022_192918\best_model_finetuned.pth
2025-10-22 19:36:58,413 - INFO - New best model saved to outputs\efficientnet_b0_20251022_192918/best_model_finetuned.pth (Test Acc: 0.9904)
2025-10-22 19:37:58,116 - INFO - Epoch: 03 | Train Loss: 0.1327 | Train Acc: 0.9404 | Test Loss: 0.0185 | Test Acc: 0.9924
2025-10-22 19:37:58,154 - INFO - Model saved to outputs\efficientnet_b0_20251022_192918\best_model_finetuned.pth
2025-10-22 19:37:58,154 - INFO - New best model saved to outputs\efficientnet_b0_20251022_192918/best_model_finetuned.pth (Test Acc: 0.9924)
2025-10-22 19:37:58,155 - INFO - Training process finished.
2025-10-22 19:37:58,155 - INFO - Generating final confusion matrix on the test set with the best model...
2025-10-22 19:38:19,710 - INFO - Confusion matrix saved to outputs\efficientnet_b0_20251022_192918/confusion_matrix.png
2025-10-22 19:38:19,712 - INFO - Stage 2 (Fine-Tuning) complete.
2025-10-22 19:38:19,712 - INFO - Training complete.
2025-10-22 19:38:19,714 - INFO - Report saved to outputs\efficientnet_b0_20251022_192918\results_report.pkl
2025-10-22 19:38:19,716 - INFO - Final performance report saved to outputs\efficientnet_b0_20251022_192918/results_report.pkl
