2025-10-24 22:10:16,263 - INFO - Configuration loaded and logging set up.
2025-10-24 22:10:16,264 - INFO - All outputs for this run will be saved in: outputs\coat_lite_mini_20251024_221016
2025-10-24 22:10:16,282 - INFO - Using device: cuda
2025-10-24 22:10:16,283 - INFO - Starting data preparation...
2025-10-24 22:10:16,318 - INFO - Pre-existing split data found. Skipping data splitting.
2025-10-24 22:10:16,321 - INFO - Creating PyTorch DataLoaders...
2025-10-24 22:10:16,377 - INFO - Classes identified: ['Cat', 'Dog']
2025-10-24 22:10:16,378 - INFO - Using training data from: data_processed/train
2025-10-24 22:10:16,380 - INFO - Using validation data from: data_processed/test
2025-10-24 22:10:16,380 - INFO - Data preparation complete. Found classes: ['Cat', 'Dog']
2025-10-24 22:10:16,382 - INFO - Initializing model: coat_lite_mini
2025-10-24 22:10:16,572 - INFO - Model 'coat_lite_mini' initialized and moved to 'cuda'.
2025-10-24 22:10:16,573 - INFO - Using AdamW optimizer with learning rate: 0.001
2025-10-24 22:10:16,575 - INFO - Loss function and optimizer initialized.
2025-10-24 22:10:16,576 - INFO - --- Starting Stage 1: Feature Extraction ---
2025-10-24 22:10:16,577 - INFO - Starting training for 5 epochs...
2025-10-24 22:11:42,441 - INFO - Epoch: 01 | Train Loss: 0.1117 | Train Acc: 0.9601 | Test Loss: 0.0267 | Test Acc: 0.9918
2025-10-24 22:11:42,489 - INFO - Model saved to outputs\coat_lite_mini_20251024_221016\best_model.pth
2025-10-24 22:11:42,490 - INFO - New best model saved to outputs\coat_lite_mini_20251024_221016/best_model.pth (Test Acc: 0.9918)
2025-10-24 22:14:02,919 - INFO - Epoch: 02 | Train Loss: 0.0784 | Train Acc: 0.9673 | Test Loss: 0.0223 | Test Acc: 0.9936
2025-10-24 22:14:03,038 - INFO - Model saved to outputs\coat_lite_mini_20251024_221016\best_model.pth
2025-10-24 22:14:03,039 - INFO - New best model saved to outputs\coat_lite_mini_20251024_221016/best_model.pth (Test Acc: 0.9936)
2025-10-24 22:17:14,454 - INFO - Epoch: 03 | Train Loss: 0.0834 | Train Acc: 0.9671 | Test Loss: 0.0235 | Test Acc: 0.9922
2025-10-24 22:18:42,970 - INFO - Epoch: 04 | Train Loss: 0.0838 | Train Acc: 0.9655 | Test Loss: 0.0230 | Test Acc: 0.9922
2025-10-24 22:20:13,544 - INFO - Epoch: 05 | Train Loss: 0.0812 | Train Acc: 0.9672 | Test Loss: 0.0207 | Test Acc: 0.9932
2025-10-24 22:20:13,545 - INFO - Training process finished.
2025-10-24 22:20:13,545 - INFO - Generating final confusion matrix on the test set with the best model...
2025-10-24 22:20:45,425 - INFO - Confusion matrix saved to outputs\coat_lite_mini_20251024_221016/confusion_matrix.png
2025-10-24 22:20:45,425 - INFO - Stage 1 (Feature Extraction) complete.
2025-10-24 22:20:45,427 - INFO - Report saved to outputs\coat_lite_mini_20251024_221016\results_report.pkl
2025-10-24 22:20:45,708 - INFO - Training curves plot saved to: outputs\coat_lite_mini_20251024_221016/training_curves.png
2025-10-24 22:20:45,709 - INFO - --- Starting Stage 2: Fine-Tuning ---
2025-10-24 22:20:45,757 - INFO - Loaded best model from Stage 1: outputs\coat_lite_mini_20251024_221016/best_model.pth
