2025-10-23 13:01:12,713 - INFO - Configuration loaded and logging set up.
2025-10-23 13:01:12,714 - INFO - All outputs for this run will be saved in: outputs\efficientnet_b0_20251023_130112
2025-10-23 13:01:12,747 - INFO - Using device: cuda
2025-10-23 13:01:12,747 - INFO - Starting data preparation...
2025-10-23 13:01:12,853 - INFO - Pre-existing split data found. Skipping data splitting.
2025-10-23 13:01:12,853 - INFO - Creating PyTorch DataLoaders...
2025-10-23 13:01:12,910 - INFO - Classes identified: ['Cat', 'Dog']
2025-10-23 13:01:12,910 - INFO - Data preparation complete. Found classes: ['Cat', 'Dog']
2025-10-23 13:01:12,911 - INFO - Initializing model: efficientnet_b0
2025-10-23 13:01:13,095 - INFO - Model 'efficientnet_b0' initialized and moved to 'cuda'.
2025-10-23 13:01:13,096 - INFO - Using AdamW optimizer with learning rate: 0.001
2025-10-23 13:01:13,096 - INFO - Loss function and optimizer initialized.
2025-10-23 13:01:13,096 - INFO - Starting model training...
2025-10-23 13:01:13,097 - INFO - Starting training for 5 epochs...
2025-10-23 13:02:09,097 - INFO - Epoch: 01 | Train Loss: 0.2657 | Train Acc: 0.8850 | Test Loss: 0.0800 | Test Acc: 0.9705
2025-10-23 13:02:09,134 - INFO - Model saved to outputs\efficientnet_b0_20251023_130112\best_model.pth
2025-10-23 13:02:09,136 - INFO - New best model saved to outputs\efficientnet_b0_20251023_130112/best_model.pth (Test Acc: 0.9705)
2025-10-23 13:03:05,306 - INFO - Epoch: 02 | Train Loss: 0.2322 | Train Acc: 0.8957 | Test Loss: 0.0785 | Test Acc: 0.9721
2025-10-23 13:03:05,342 - INFO - Model saved to outputs\efficientnet_b0_20251023_130112\best_model.pth
2025-10-23 13:03:05,342 - INFO - New best model saved to outputs\efficientnet_b0_20251023_130112/best_model.pth (Test Acc: 0.9721)
2025-10-23 13:04:02,223 - INFO - Epoch: 03 | Train Loss: 0.2297 | Train Acc: 0.8966 | Test Loss: 0.0667 | Test Acc: 0.9777
2025-10-23 13:04:02,260 - INFO - Model saved to outputs\efficientnet_b0_20251023_130112\best_model.pth
2025-10-23 13:04:02,260 - INFO - New best model saved to outputs\efficientnet_b0_20251023_130112/best_model.pth (Test Acc: 0.9777)
2025-10-23 13:04:59,879 - INFO - Epoch: 04 | Train Loss: 0.2345 | Train Acc: 0.8931 | Test Loss: 0.0667 | Test Acc: 0.9755
2025-10-23 13:06:00,029 - INFO - Epoch: 05 | Train Loss: 0.2313 | Train Acc: 0.8954 | Test Loss: 0.0687 | Test Acc: 0.9737
2025-10-23 13:06:00,030 - INFO - Training process finished.
2025-10-23 13:06:00,031 - INFO - Generating final confusion matrix on the test set with the best model...
2025-10-23 13:06:22,004 - INFO - Confusion matrix saved to outputs\efficientnet_b0_20251023_130112/confusion_matrix.png
2025-10-23 13:06:22,006 - INFO - Stage 1 complete. Best model from this stage is saved.
2025-10-23 13:06:22,007 - INFO - --- Starting Stage 2: Fine-Tuning ---
2025-10-23 13:06:22,007 - INFO - Unfroze the top layers of the model.
2025-10-23 13:06:22,008 - INFO - Created new optimizer for fine-tuning with learning rate: 0.0001
2025-10-23 13:06:22,008 - INFO - Starting training for 3 epochs...
2025-10-23 13:07:23,178 - INFO - Epoch: 01 | Train Loss: 0.1862 | Train Acc: 0.9179 | Test Loss: 0.0254 | Test Acc: 0.9900
2025-10-23 13:07:23,216 - INFO - Model saved to outputs\efficientnet_b0_20251023_130112\best_model_finetuned.pth
2025-10-23 13:07:23,218 - INFO - New best model saved to outputs\efficientnet_b0_20251023_130112/best_model_finetuned.pth (Test Acc: 0.9900)
2025-10-23 13:08:26,865 - INFO - Epoch: 02 | Train Loss: 0.1388 | Train Acc: 0.9395 | Test Loss: 0.0234 | Test Acc: 0.9895
2025-10-23 13:09:27,229 - INFO - Epoch: 03 | Train Loss: 0.1283 | Train Acc: 0.9428 | Test Loss: 0.0235 | Test Acc: 0.9908
2025-10-23 13:09:27,270 - INFO - Model saved to outputs\efficientnet_b0_20251023_130112\best_model_finetuned.pth
2025-10-23 13:09:27,270 - INFO - New best model saved to outputs\efficientnet_b0_20251023_130112/best_model_finetuned.pth (Test Acc: 0.9908)
2025-10-23 13:09:27,272 - INFO - Training process finished.
2025-10-23 13:09:27,272 - INFO - Generating final confusion matrix on the test set with the best model...
2025-10-23 13:09:48,683 - INFO - Confusion matrix saved to outputs\efficientnet_b0_20251023_130112/confusion_matrix.png
2025-10-23 13:09:48,685 - INFO - Stage 2 (Fine-Tuning) complete.
2025-10-23 13:09:48,686 - INFO - Training complete.
2025-10-23 13:09:48,686 - INFO - Report saved to outputs\efficientnet_b0_20251023_130112\results_report.pkl
2025-10-23 13:09:48,855 - INFO - Training curves plot saved to: outputs\efficientnet_b0_20251023_130112/training_curves.png
2025-10-23 13:09:48,855 - INFO - All artifacts for the run are saved in: outputs\efficientnet_b0_20251023_130112
