2025-10-24 21:25:32,799 - INFO - Configuration loaded and logging set up.
2025-10-24 21:25:32,800 - INFO - All outputs for this run will be saved in: outputs\coat_lite_mini_20251024_212532
2025-10-24 21:25:32,818 - INFO - Using device: cuda
2025-10-24 21:25:32,827 - INFO - Starting data preparation...
2025-10-24 21:25:32,871 - INFO - Pre-existing split data found. Skipping data splitting.
2025-10-24 21:25:32,871 - INFO - Creating PyTorch DataLoaders...
2025-10-24 21:25:32,927 - INFO - Classes identified: ['Cat', 'Dog']
2025-10-24 21:25:32,928 - INFO - Using training data from: data_processed/train
2025-10-24 21:25:32,929 - INFO - Using validation data from: data_processed/test
2025-10-24 21:25:32,930 - INFO - Data preparation complete. Found classes: ['Cat', 'Dog']
2025-10-24 21:25:32,933 - INFO - Initializing model: coat_lite_mini
2025-10-24 21:25:33,132 - INFO - Model 'coat_lite_mini' initialized and moved to 'cuda'.
2025-10-24 21:25:33,133 - INFO - Using AdamW optimizer with learning rate: 0.001
2025-10-24 21:25:33,133 - INFO - Loss function and optimizer initialized.
2025-10-24 21:25:33,133 - INFO - --- Starting Stage 1: Feature Extraction ---
2025-10-24 21:25:33,134 - INFO - Starting training for 5 epochs...
2025-10-24 21:27:19,073 - INFO - Epoch: 01 | Train Loss: 0.1115 | Train Acc: 0.9607 | Test Loss: 0.0265 | Test Acc: 0.9928
2025-10-24 21:27:19,130 - INFO - Model saved to outputs\coat_lite_mini_20251024_212532\best_model.pth
2025-10-24 21:27:19,130 - INFO - New best model saved to outputs\coat_lite_mini_20251024_212532/best_model.pth (Test Acc: 0.9928)
2025-10-24 21:29:10,694 - INFO - Epoch: 02 | Train Loss: 0.0845 | Train Acc: 0.9668 | Test Loss: 0.0232 | Test Acc: 0.9924
2025-10-24 21:30:38,305 - INFO - Epoch: 03 | Train Loss: 0.0830 | Train Acc: 0.9674 | Test Loss: 0.0216 | Test Acc: 0.9930
2025-10-24 21:30:38,357 - INFO - Model saved to outputs\coat_lite_mini_20251024_212532\best_model.pth
2025-10-24 21:30:38,357 - INFO - New best model saved to outputs\coat_lite_mini_20251024_212532/best_model.pth (Test Acc: 0.9930)
2025-10-24 21:32:06,525 - INFO - Epoch: 04 | Train Loss: 0.0742 | Train Acc: 0.9699 | Test Loss: 0.0201 | Test Acc: 0.9934
2025-10-24 21:32:06,577 - INFO - Model saved to outputs\coat_lite_mini_20251024_212532\best_model.pth
2025-10-24 21:32:06,577 - INFO - New best model saved to outputs\coat_lite_mini_20251024_212532/best_model.pth (Test Acc: 0.9934)
2025-10-24 21:33:35,254 - INFO - Epoch: 05 | Train Loss: 0.0787 | Train Acc: 0.9692 | Test Loss: 0.0207 | Test Acc: 0.9930
2025-10-24 21:33:35,256 - INFO - Training process finished.
2025-10-24 21:33:35,256 - INFO - Generating final confusion matrix on the test set with the best model...
2025-10-24 21:34:07,071 - INFO - Confusion matrix saved to outputs\coat_lite_mini_20251024_212532/confusion_matrix.png
2025-10-24 21:34:07,071 - INFO - Stage 1 (Feature Extraction) complete.
2025-10-24 21:34:07,072 - INFO - Report saved to outputs\coat_lite_mini_20251024_212532\results_report.pkl
2025-10-24 21:34:07,346 - INFO - Training curves plot saved to: outputs\coat_lite_mini_20251024_212532/training_curves.png
2025-10-24 21:34:07,346 - INFO - --- Starting Stage 2: Fine-Tuning ---
2025-10-24 21:34:07,395 - INFO - Loaded best model from Stage 1: outputs\coat_lite_mini_20251024_212532/best_model.pth
