2025-10-23 19:33:54,383 - INFO - Configuration loaded and logging set up.
2025-10-23 19:33:54,383 - INFO - All outputs for this run will be saved in: outputs\efficientnet_b0_20251023_193354
2025-10-23 19:33:54,412 - INFO - Using device: cuda
2025-10-23 19:33:54,412 - INFO - Starting data preparation...
2025-10-23 19:33:54,445 - INFO - Pre-existing split data found. Skipping data splitting.
2025-10-23 19:33:54,445 - INFO - Creating PyTorch DataLoaders...
2025-10-23 19:33:54,495 - INFO - Classes identified: ['Cat', 'Dog']
2025-10-23 19:33:54,495 - INFO - Data preparation complete. Found classes: ['Cat', 'Dog']
2025-10-23 19:33:54,495 - INFO - Initializing model: efficientnet_b0
2025-10-23 19:33:54,657 - INFO - Model 'efficientnet_b0' initialized and moved to 'cuda'.
2025-10-23 19:33:54,658 - INFO - Using AdamW optimizer with learning rate: 0.001
2025-10-23 19:33:54,658 - INFO - Loss function and optimizer initialized.
2025-10-23 19:33:54,658 - INFO - --- Starting Stage 1: Feature Extraction ---
2025-10-23 19:33:54,658 - INFO - Starting training for 5 epochs...
2025-10-23 19:36:55,963 - INFO - Epoch: 01 | Train Loss: 0.2749 | Train Acc: 0.8807 | Test Loss: 0.0966 | Test Acc: 0.9647
2025-10-23 19:36:56,049 - INFO - Model saved to outputs\efficientnet_b0_20251023_193354\best_model.pth
2025-10-23 19:36:56,049 - INFO - New best model saved to outputs\efficientnet_b0_20251023_193354/best_model.pth (Test Acc: 0.9647)
2025-10-23 19:38:44,989 - INFO - Epoch: 02 | Train Loss: 0.2315 | Train Acc: 0.8953 | Test Loss: 0.0984 | Test Acc: 0.9648
2025-10-23 19:38:45,051 - INFO - Model saved to outputs\efficientnet_b0_20251023_193354\best_model.pth
2025-10-23 19:38:45,054 - INFO - New best model saved to outputs\efficientnet_b0_20251023_193354/best_model.pth (Test Acc: 0.9648)
2025-10-23 19:40:31,660 - INFO - Epoch: 03 | Train Loss: 0.2299 | Train Acc: 0.8952 | Test Loss: 0.0875 | Test Acc: 0.9669
2025-10-23 19:40:31,694 - INFO - Model saved to outputs\efficientnet_b0_20251023_193354\best_model.pth
2025-10-23 19:40:31,695 - INFO - New best model saved to outputs\efficientnet_b0_20251023_193354/best_model.pth (Test Acc: 0.9669)
2025-10-23 19:42:18,067 - INFO - Epoch: 04 | Train Loss: 0.2316 | Train Acc: 0.8965 | Test Loss: 0.0832 | Test Acc: 0.9687
2025-10-23 19:42:18,109 - INFO - Model saved to outputs\efficientnet_b0_20251023_193354\best_model.pth
2025-10-23 19:42:18,109 - INFO - New best model saved to outputs\efficientnet_b0_20251023_193354/best_model.pth (Test Acc: 0.9687)
2025-10-23 19:43:31,574 - INFO - Epoch: 05 | Train Loss: 0.2384 | Train Acc: 0.8920 | Test Loss: 0.0800 | Test Acc: 0.9745
2025-10-23 19:43:31,606 - INFO - Model saved to outputs\efficientnet_b0_20251023_193354\best_model.pth
2025-10-23 19:43:31,607 - INFO - New best model saved to outputs\efficientnet_b0_20251023_193354/best_model.pth (Test Acc: 0.9745)
2025-10-23 19:43:31,608 - INFO - Training process finished.
2025-10-23 19:43:31,608 - INFO - Generating final confusion matrix on the test set with the best model...
2025-10-23 19:43:51,743 - INFO - Confusion matrix saved to outputs\efficientnet_b0_20251023_193354/confusion_matrix.png
2025-10-23 19:43:51,744 - INFO - Stage 1 (Feature Extraction) complete.
2025-10-23 19:43:51,745 - INFO - Report saved to outputs\efficientnet_b0_20251023_193354\results_report.pkl
2025-10-23 19:43:51,894 - INFO - Training curves plot saved to: outputs\efficientnet_b0_20251023_193354/training_curves.png
2025-10-23 19:43:51,895 - INFO - --- Starting Stage 2: Fine-Tuning ---
2025-10-23 19:43:51,954 - INFO - Loaded best model from Stage 1: outputs\efficientnet_b0_20251023_193354/best_model.pth
2025-10-23 19:43:51,955 - INFO - Unfroze the top layers of the model for fine-tuning.
2025-10-23 19:43:51,957 - INFO - Created new AdamW optimizer for fine-tuning with learning rate: 0.0001
2025-10-23 19:43:51,957 - INFO - Starting training for 3 epochs...
2025-10-23 19:45:06,195 - INFO - Epoch: 01 | Train Loss: 0.1939 | Train Acc: 0.9130 | Test Loss: 0.0556 | Test Acc: 0.9806
2025-10-23 19:45:06,228 - INFO - Model saved to outputs\efficientnet_b0_20251023_193354\best_model_finetuned.pth
2025-10-23 19:45:06,228 - INFO - New best model saved to outputs\efficientnet_b0_20251023_193354/best_model_finetuned.pth (Test Acc: 0.9806)
2025-10-23 19:46:21,688 - INFO - Epoch: 02 | Train Loss: 0.1496 | Train Acc: 0.9357 | Test Loss: 0.0438 | Test Acc: 0.9858
2025-10-23 19:46:21,724 - INFO - Model saved to outputs\efficientnet_b0_20251023_193354\best_model_finetuned.pth
2025-10-23 19:46:21,724 - INFO - New best model saved to outputs\efficientnet_b0_20251023_193354/best_model_finetuned.pth (Test Acc: 0.9858)
2025-10-23 19:47:42,367 - INFO - Epoch: 03 | Train Loss: 0.1306 | Train Acc: 0.9427 | Test Loss: 0.0435 | Test Acc: 0.9846
2025-10-23 19:47:42,367 - INFO - Training process finished.
2025-10-23 19:47:42,368 - INFO - Generating final confusion matrix on the test set with the best model...
2025-10-23 19:48:07,704 - INFO - Confusion matrix saved to outputs\efficientnet_b0_20251023_193354/confusion_matrix_finetuned.png
2025-10-23 19:48:07,707 - INFO - Stage 2 (Fine-Tuning) complete.
2025-10-23 19:48:07,710 - INFO - Report saved to outputs\efficientnet_b0_20251023_193354\results_report_finetuned.pkl
2025-10-23 19:48:08,295 - INFO - Training curves plot saved to: outputs\efficientnet_b0_20251023_193354/training_curves_finetuned.png
2025-10-23 19:48:08,295 - INFO - All artifacts for the run are saved in: outputs\efficientnet_b0_20251023_193354
