2025-10-22 18:37:03,480 - INFO - Configuration loaded and logging set up.
2025-10-22 18:37:03,481 - INFO - All outputs for this run will be saved in: outputs\efficientnet_b0_20251022_183703
2025-10-22 18:37:03,498 - INFO - Using device: cuda
2025-10-22 18:37:03,499 - INFO - Starting data preparation...
2025-10-22 18:37:03,609 - INFO - Pre-existing split data found. Skipping data splitting.
2025-10-22 18:37:03,609 - INFO - Creating PyTorch DataLoaders...
2025-10-22 18:37:03,668 - INFO - Classes identified: ['Cat', 'Dog']
2025-10-22 18:37:03,668 - INFO - Data preparation complete. Found classes: ['Cat', 'Dog']
2025-10-22 18:37:03,669 - INFO - Initializing model: efficientnet_b0
2025-10-22 18:37:03,831 - INFO - Model 'efficientnet_b0' initialized and moved to 'cuda'.
2025-10-22 18:37:03,832 - INFO - Loss function and optimizer initialized.
2025-10-22 18:37:03,832 - INFO - Starting model training...
2025-10-22 18:37:03,832 - INFO - Starting training for 5 epochs...
2025-10-22 18:38:01,884 - INFO - Epoch: 01 | Train Loss: 0.2738 | Train Acc: 0.8789 | Test Loss: 0.0759 | Test Acc: 0.9755
2025-10-22 18:38:01,923 - INFO - Model saved to outputs\efficientnet_b0_20251022_183703\best_model.pth
2025-10-22 18:38:01,924 - INFO - New best model saved to outputs\efficientnet_b0_20251022_183703/best_model.pth (Test Acc: 0.9755)
2025-10-22 18:39:00,810 - INFO - Epoch: 02 | Train Loss: 0.2311 | Train Acc: 0.8970 | Test Loss: 0.0722 | Test Acc: 0.9735
2025-10-22 18:39:59,273 - INFO - Epoch: 03 | Train Loss: 0.2346 | Train Acc: 0.8948 | Test Loss: 0.0684 | Test Acc: 0.9759
2025-10-22 18:39:59,313 - INFO - Model saved to outputs\efficientnet_b0_20251022_183703\best_model.pth
2025-10-22 18:39:59,314 - INFO - New best model saved to outputs\efficientnet_b0_20251022_183703/best_model.pth (Test Acc: 0.9759)
2025-10-22 18:40:57,862 - INFO - Epoch: 04 | Train Loss: 0.2349 | Train Acc: 0.8956 | Test Loss: 0.0657 | Test Acc: 0.9759
2025-10-22 18:41:56,812 - INFO - Epoch: 05 | Train Loss: 0.2329 | Train Acc: 0.8951 | Test Loss: 0.0769 | Test Acc: 0.9707
2025-10-22 18:41:56,813 - INFO - Training process finished.
2025-10-22 18:41:56,815 - INFO - Generating final confusion matrix on the test set with the best model...
2025-10-22 18:42:17,747 - INFO - Confusion matrix saved to outputs\efficientnet_b0_20251022_183703/confusion_matrix.png
2025-10-22 18:42:17,748 - INFO - Training complete.
2025-10-22 18:42:17,750 - INFO - Report saved to outputs\efficientnet_b0_20251022_183703\results_report.pkl
2025-10-22 18:42:17,752 - INFO - Final performance report saved to outputs\efficientnet_b0_20251022_183703/results_report.pkl
