2025-10-24 22:22:32,118 - INFO - Configuration loaded and logging set up.
2025-10-24 22:22:32,118 - INFO - All outputs for this run will be saved in: outputs\coat_lite_mini_20251024_222232
2025-10-24 22:22:32,137 - INFO - Using device: cuda
2025-10-24 22:22:32,138 - INFO - Starting data preparation...
2025-10-24 22:22:32,177 - INFO - Pre-existing split data found. Skipping data splitting.
2025-10-24 22:22:32,177 - INFO - Creating PyTorch DataLoaders...
2025-10-24 22:22:32,238 - INFO - Classes identified: ['Cat', 'Dog']
2025-10-24 22:22:32,239 - INFO - Using training data from: data_processed/train
2025-10-24 22:22:32,239 - INFO - Using validation data from: data_processed/test
2025-10-24 22:22:32,240 - INFO - Data preparation complete. Found classes: ['Cat', 'Dog']
2025-10-24 22:22:32,240 - INFO - Initializing model: coat_lite_mini
2025-10-24 22:22:32,444 - INFO - Model 'coat_lite_mini' initialized and moved to 'cuda'.
2025-10-24 22:22:32,445 - INFO - Using AdamW optimizer with learning rate: 0.001
2025-10-24 22:22:32,445 - INFO - Loss function and optimizer initialized.
2025-10-24 22:22:32,445 - INFO - --- Starting Stage 1: Feature Extraction ---
2025-10-24 22:22:32,445 - INFO - Starting training for 5 epochs...
2025-10-24 22:24:01,315 - INFO - Epoch: 01 | Train Loss: 0.1142 | Train Acc: 0.9573 | Test Loss: 0.0273 | Test Acc: 0.9924
2025-10-24 22:24:01,363 - INFO - Model saved to outputs\coat_lite_mini_20251024_222232\best_model.pth
2025-10-24 22:24:01,363 - INFO - New best model saved to outputs\coat_lite_mini_20251024_222232/best_model.pth (Test Acc: 0.9924)
2025-10-24 22:25:36,221 - INFO - Epoch: 02 | Train Loss: 0.0824 | Train Acc: 0.9664 | Test Loss: 0.0232 | Test Acc: 0.9926
2025-10-24 22:25:36,277 - INFO - Model saved to outputs\coat_lite_mini_20251024_222232\best_model.pth
2025-10-24 22:25:36,278 - INFO - New best model saved to outputs\coat_lite_mini_20251024_222232/best_model.pth (Test Acc: 0.9926)
2025-10-24 22:27:07,391 - INFO - Epoch: 03 | Train Loss: 0.0841 | Train Acc: 0.9666 | Test Loss: 0.0217 | Test Acc: 0.9930
2025-10-24 22:27:07,448 - INFO - Model saved to outputs\coat_lite_mini_20251024_222232\best_model.pth
2025-10-24 22:27:07,448 - INFO - New best model saved to outputs\coat_lite_mini_20251024_222232/best_model.pth (Test Acc: 0.9930)
2025-10-24 22:28:38,565 - INFO - Epoch: 04 | Train Loss: 0.0755 | Train Acc: 0.9699 | Test Loss: 0.0224 | Test Acc: 0.9924
2025-10-24 22:30:10,557 - INFO - Epoch: 05 | Train Loss: 0.0792 | Train Acc: 0.9680 | Test Loss: 0.0208 | Test Acc: 0.9926
2025-10-24 22:30:10,558 - INFO - Training process finished.
2025-10-24 22:30:10,558 - INFO - Generating final confusion matrix on the test set with the best model...
2025-10-24 22:30:43,202 - INFO - Confusion matrix saved to outputs\coat_lite_mini_20251024_222232/confusion_matrix.png
2025-10-24 22:30:43,203 - INFO - Stage 1 (Feature Extraction) complete.
2025-10-24 22:30:43,204 - INFO - Report saved to outputs\coat_lite_mini_20251024_222232\results_report.pkl
2025-10-24 22:30:43,488 - INFO - Training curves plot saved to: outputs\coat_lite_mini_20251024_222232/training_curves.png
2025-10-24 22:30:43,489 - INFO - --- Starting Stage 2: Fine-Tuning ---
2025-10-24 22:30:43,537 - INFO - Loaded best model from Stage 1: outputs\coat_lite_mini_20251024_222232/best_model.pth
